INFO 2026-03-26 20:41:50,721 Auth info was exported to ./.tmp/auth_info.json api\debug\debug.cpp:17 TC2@DESKTOP-GV8580B
ERROR 2026-03-26 20:42:49,293 NE_RS_UNBLDRE: Unable to load application resource file /Assets/Skins/Boca Jrs/74HCU04 Not.svg api\debug\debug.cpp:20 TC2@DESKTOP-GV8580B
ERROR 2026-03-26 20:42:55,304 NE_RS_UNBLDRE: Unable to load application resource file /Assets/Skins/Boca Jrs/74HCU04 Not.svg api\debug\debug.cpp:20 TC2@DESKTOP-GV8580B
ERROR 2026-03-26 20:42:56,919 NE_RS_UNBLDRE: Unable to load application resource file /Assets/Skins/Boca Jrs/74HCU04 Not.svg api\debug\debug.cpp:20 TC2@DESKTOP-GV8580B
ERROR 2026-03-26 20:42:58,623 NE_RS_UNBLDRE: Unable to load application resource file /Assets/Skins/Boca Jrs/74HCU04 Not.svg api\debug\debug.cpp:20 TC2@DESKTOP-GV8580B
ERROR 2026-03-26 20:42:59,959 NE_RS_UNBLDRE: Unable to load application resource file /Assets/Skins/Boca Jrs/74HCU04 Not.svg api\debug\debug.cpp:20 TC2@DESKTOP-GV8580B
ERROR 2026-03-26 20:43:02,444 NE_RS_UNBLDRE: Unable to load application resource file /Assets/Skins/Boca Jrs/74HCU04 Not.svg api\debug\debug.cpp:20 TC2@DESKTOP-GV8580B
ERROR 2026-03-26 20:43:03,312 NE_RS_UNBLDRE: Unable to load application resource file /Assets/Skins/Boca Jrs/74HCU04 Not.svg api\debug\debug.cpp:20 TC2@DESKTOP-GV8580B
ERROR 2026-03-26 20:43:08,883 NE_RS_UNBLDRE: Unable to load application resource file /Assets/Skins/Boca Jrs/74HCU04 Not.svg api\debug\debug.cpp:20 TC2@DESKTOP-GV8580B
INFO 2026-03-26 20:53:57,882 Auth info was exported to ./.tmp/auth_info.json api\debug\debug.cpp:17 TC2@DESKTOP-GV8580B
INFO 2026-03-26 21:11:38,040 Auth info was exported to ./.tmp/auth_info.json api\debug\debug.cpp:17 TC2@DESKTOP-GV8580B
ERROR 2026-03-26 21:12:28,932 NE_RS_UNBLDRE: Unable to load application resource file /Assets/Skins/Default/fdnr.svg api\debug\debug.cpp:20 TC2@DESKTOP-GV8580B
ERROR 2026-03-26 21:12:28,932 NE_RS_UNBLDRE: Unable to load application resource file /Assets/Skins/Default/B_Esponja.svg api\debug\debug.cpp:20 TC2@DESKTOP-GV8580B
ERROR 2026-03-26 21:12:28,932 NE_RS_UNBLDRE: Unable to load application resource file /Assets/Skins/Default/Black_Box.svg api\debug\debug.cpp:20 TC2@DESKTOP-GV8580B
ERROR 2026-03-26 21:12:29,090 NE_RS_UNBLDRE: Unable to load application resource file /Assets/Skins/Default/G_Gil.svg api\debug\debug.cpp:20 TC2@DESKTOP-GV8580B
ERROR 2026-03-26 21:12:29,090 NE_RS_UNBLDRE: Unable to load application resource file /Assets/Skins/Default/battery.svg api\debug\debug.cpp:20 TC2@DESKTOP-GV8580B
ERROR 2026-03-26 21:12:29,090 NE_RS_UNBLDRE: Unable to load application resource file /Assets/Skins/Default/DIAC.svg api\debug\debug.cpp:20 TC2@DESKTOP-GV8580B
ERROR 2026-03-26 21:12:29,425 NE_RS_UNBLDRE: Unable to load application resource file /Assets/Skins/Default/ASSD_CD4016B.svg api\debug\debug.cpp:20 TC2@DESKTOP-GV8580B
ERROR 2026-03-26 21:12:29,429 NE_RS_UNBLDRE: Unable to load application resource file /Assets/Skins/Default/ASSD_LF398.svg api\debug\debug.cpp:20 TC2@DESKTOP-GV8580B
ERROR 2026-03-26 21:12:56,858 NE_RS_UNBLDRE: Unable to load application resource file /Assets/Skins/Boca Jrs/fdnr.svg api\debug\debug.cpp:20 TC2@DESKTOP-GV8580B
ERROR 2026-03-26 21:12:56,858 NE_RS_UNBLDRE: Unable to load application resource file /Assets/Skins/Boca Jrs/B_Esponja.svg api\debug\debug.cpp:20 TC2@DESKTOP-GV8580B
ERROR 2026-03-26 21:12:56,858 NE_RS_UNBLDRE: Unable to load application resource file /Assets/Skins/Boca Jrs/Black_Box.svg api\debug\debug.cpp:20 TC2@DESKTOP-GV8580B
ERROR 2026-03-26 21:12:56,975 NE_RS_UNBLDRE: Unable to load application resource file /Assets/Skins/Boca Jrs/G_Gil.svg api\debug\debug.cpp:20 TC2@DESKTOP-GV8580B
ERROR 2026-03-26 21:12:56,979 NE_RS_UNBLDRE: Unable to load application resource file /Assets/Skins/Boca Jrs/battery.svg api\debug\debug.cpp:20 TC2@DESKTOP-GV8580B
ERROR 2026-03-26 21:12:56,981 NE_RS_UNBLDRE: Unable to load application resource file /Assets/Skins/Boca Jrs/DIAC.svg api\debug\debug.cpp:20 TC2@DESKTOP-GV8580B
ERROR 2026-03-26 21:12:57,076 NE_RS_UNBLDRE: Unable to load application resource file /Assets/Skins/Boca Jrs/74HCU04 Not.svg api\debug\debug.cpp:20 TC2@DESKTOP-GV8580B
ERROR 2026-03-26 21:12:57,501 NE_RS_UNBLDRE: Unable to load application resource file /Assets/Skins/Boca Jrs/74HCU04 Not.svg api\debug\debug.cpp:20 TC2@DESKTOP-GV8580B
ERROR 2026-03-26 21:12:57,619 NE_RS_UNBLDRE: Unable to load application resource file /Assets/Skins/Boca Jrs/ASSD_CD4016B.svg api\debug\debug.cpp:20 TC2@DESKTOP-GV8580B
ERROR 2026-03-26 21:12:57,619 NE_RS_UNBLDRE: Unable to load application resource file /Assets/Skins/Boca Jrs/ASSD_LF398.svg api\debug\debug.cpp:20 TC2@DESKTOP-GV8580B
INFO 2026-03-26 21:26:38,709 Auth info was exported to ./.tmp/auth_info.json api\debug\debug.cpp:17 TC2@DESKTOP-GV8580B
INFO 2026-03-26 21:37:55,451 Auth info was exported to ./.tmp/auth_info.json api\debug\debug.cpp:17 TC2@DESKTOP-GV8580B
INFO 2026-03-26 22:01:40,756 Auth info was exported to ./.tmp/auth_info.json api\debug\debug.cpp:17 TC2@DESKTOP-GV8580B
INFO 2026-03-26 22:05:45,700 Auth info was exported to ./.tmp/auth_info.json api\debug\debug.cpp:17 TC2@DESKTOP-GV8580B
ERROR 2026-03-26 22:06:07,283 NE_RS_UNBLDRE: Unable to load application resource file /Assets/Skins/Default/G_Gil.svg api\debug\debug.cpp:20 TC2@DESKTOP-GV8580B
ERROR 2026-03-26 22:06:07,285 NE_RS_UNBLDRE: Unable to load application resource file /Assets/Skins/Default/battery.svg api\debug\debug.cpp:20 TC2@DESKTOP-GV8580B
ERROR 2026-03-26 22:06:07,286 NE_RS_UNBLDRE: Unable to load application resource file /Assets/Skins/Default/DIAC.svg api\debug\debug.cpp:20 TC2@DESKTOP-GV8580B
ERROR 2026-03-26 22:06:52,925 NE_RS_UNBLDRE: Unable to load application resource file /Assets/Skins/Default/B_Esponja.svg api\debug\debug.cpp:20 TC2@DESKTOP-GV8580B
ERROR 2026-03-26 22:06:52,925 NE_RS_UNBLDRE: Unable to load application resource file /Assets/Skins/Default/fdnr.svg api\debug\debug.cpp:20 TC2@DESKTOP-GV8580B
ERROR 2026-03-26 22:06:52,925 NE_RS_UNBLDRE: Unable to load application resource file /Assets/Skins/Default/Black_Box.svg api\debug\debug.cpp:20 TC2@DESKTOP-GV8580B
ERROR 2026-03-26 22:06:53,054 NE_RS_UNBLDRE: Unable to load application resource file /Assets/Skins/Default/G_Gil.svg api\debug\debug.cpp:20 TC2@DESKTOP-GV8580B
ERROR 2026-03-26 22:06:53,057 NE_RS_UNBLDRE: Unable to load application resource file /Assets/Skins/Default/battery.svg api\debug\debug.cpp:20 TC2@DESKTOP-GV8580B
ERROR 2026-03-26 22:06:53,057 NE_RS_UNBLDRE: Unable to load application resource file /Assets/Skins/Default/DIAC.svg api\debug\debug.cpp:20 TC2@DESKTOP-GV8580B
ERROR 2026-03-26 22:06:53,373 NE_RS_UNBLDRE: Unable to load application resource file /Assets/Skins/Default/ASSD_CD4016B.svg api\debug\debug.cpp:20 TC2@DESKTOP-GV8580B
ERROR 2026-03-26 22:06:53,373 NE_RS_UNBLDRE: Unable to load application resource file /Assets/Skins/Default/ASSD_LF398.svg api\debug\debug.cpp:20 TC2@DESKTOP-GV8580B
INFO 2026-03-26 22:26:21,012 Auth info was exported to ./.tmp/auth_info.json api\debug\debug.cpp:17 TC2@DESKTOP-GV8580B
INFO 2026-03-26 22:27:43,027 Auth info was exported to ./.tmp/auth_info.json api\debug\debug.cpp:17 TC2@DESKTOP-GV8580B
INFO 2026-03-26 22:32:14,510 Auth info was exported to ./.tmp/auth_info.json api\debug\debug.cpp:17 TC2@DESKTOP-GV8580B
INFO 2026-03-26 23:17:08,990 Auth info was exported to ./.tmp/auth_info.json api\debug\debug.cpp:17 TC2@DESKTOP-GV8580B
INFO 2026-03-26 23:19:30,979 Auth info was exported to ./.tmp/auth_info.json api\debug\debug.cpp:17 TC2@DESKTOP-GV8580B
INFO 2026-03-26 23:53:33,746 Auth info was exported to ./.tmp/auth_info.json api\debug\debug.cpp:17 TC2@DESKTOP-GV8580B
