ERROR 2026-03-30 16:36:50,398 NE_RS_UNBLDRE: Unable to load application resource file /www/Assets/Component Symbols/TC2Lib--LTSPICE-main//sym//TCLib//Special//arrow.asy api\debug\debug.cpp:20 TC2@DESKTOP-GV8580B
ERROR 2026-03-30 16:36:53,491 NE_RS_UNBLDRE: Unable to load application resource file /www/Assets/Skins/Default/EuropeanResistor.svg api\debug\debug.cpp:20 TC2@DESKTOP-GV8580B
ERROR 2026-03-30 16:36:55,984 NE_RS_UNBLDRE: Unable to load application resource file /www/Assets/Skins/Default/inv.svg api\debug\debug.cpp:20 TC2@DESKTOP-GV8580B
ERROR 2026-03-30 16:36:56,012 NE_RS_UNBLDRE: Unable to load application resource file /www/Assets/Component Symbols/Digital//inv.asy api\debug\debug.cpp:20 TC2@DESKTOP-GV8580B
ERROR 2026-03-30 16:36:56,031 NE_RS_UNBLDRE: Unable to load application resource file /www/Assets/Component Symbols/Digital//inv.asy api\debug\debug.cpp:20 TC2@DESKTOP-GV8580B
ERROR 2026-03-30 16:36:56,038 NE_RS_UNBLDRE: Unable to load application resource file /www/Assets/Component Symbols/TCLib//Special//xtal.asy api\debug\debug.cpp:20 TC2@DESKTOP-GV8580B
ERROR 2026-03-30 16:36:56,053 NE_RS_UNBLDRE: Unable to load application resource file /www/Assets/Component Symbols/Digital//inv.asy api\debug\debug.cpp:20 TC2@DESKTOP-GV8580B
ERROR 2026-03-30 16:36:56,058 NE_RS_UNBLDRE: Unable to load application resource file /www/Assets/Component Symbols/TCLib//Special//xtal.asy api\debug\debug.cpp:20 TC2@DESKTOP-GV8580B
ERROR 2026-03-30 16:36:58,991 NE_RS_UNBLDRE: Unable to load application resource file /www/Assets/Skins/Default/EuropeanResistor.svg api\debug\debug.cpp:20 TC2@DESKTOP-GV8580B
ERROR 2026-03-30 16:36:59,979 NE_RS_UNBLDRE: Unable to load application resource file /www/Assets/Skins/Default/EuropeanResistor.svg api\debug\debug.cpp:20 TC2@DESKTOP-GV8580B
ERROR 2026-03-30 16:37:02,006 NE_RS_UNBLDRE: Unable to load application resource file /www/Assets/Skins/Default/res_rec.svg api\debug\debug.cpp:20 TC2@DESKTOP-GV8580B
ERROR 2026-03-30 16:37:02,039 NE_RS_UNBLDRE: Unable to load application resource file /www/Assets/Component Symbols/TCLib//res_rec.asy api\debug\debug.cpp:20 TC2@DESKTOP-GV8580B
ERROR 2026-03-30 16:37:02,050 NE_RS_UNBLDRE: Unable to load application resource file /www/Assets/Component Symbols/TCLib//res_rec.asy api\debug\debug.cpp:20 TC2@DESKTOP-GV8580B
ERROR 2026-03-30 16:37:02,057 NE_RS_UNBLDRE: Unable to load application resource file /www/Assets/Component Symbols/TCLib//res_rec.asy api\debug\debug.cpp:20 TC2@DESKTOP-GV8580B
ERROR 2026-03-30 16:37:02,062 NE_RS_UNBLDRE: Unable to load application resource file /www/Assets/Component Symbols/TCLib//res_rec.asy api\debug\debug.cpp:20 TC2@DESKTOP-GV8580B
ERROR 2026-03-30 16:37:02,066 NE_RS_UNBLDRE: Unable to load application resource file /www/Assets/Component Symbols/TCLib//res_rec.asy api\debug\debug.cpp:20 TC2@DESKTOP-GV8580B
ERROR 2026-03-30 16:37:29,976 NE_RS_UNBLDRE: Unable to load application resource file /www/Assets/Skins/Default/OA_param.svg api\debug\debug.cpp:20 TC2@DESKTOP-GV8580B
ERROR 2026-03-30 16:37:41,014 NE_RS_UNBLDRE: Unable to load application resource file /www/Assets/Component Symbols/TC2Lib--LTSPICE-main//sym//TCLib//OA_Ideal.asy api\debug\debug.cpp:20 TC2@DESKTOP-GV8580B
ERROR 2026-03-30 16:37:41,034 NE_RS_UNBLDRE: Unable to load application resource file /www/Assets/Component Symbols/TC2Lib--LTSPICE-main//sym//TCLib//OA_Ideal.asy api\debug\debug.cpp:20 TC2@DESKTOP-GV8580B
ERROR 2026-03-30 16:37:41,058 NE_RS_UNBLDRE: Unable to load application resource file /www/Assets/Component Symbols/TC2Lib--LTSPICE-main//sym//TCLib//OA_Ideal.asy api\debug\debug.cpp:20 TC2@DESKTOP-GV8580B
ERROR 2026-03-30 16:37:41,073 NE_RS_UNBLDRE: Unable to load application resource file /www/Assets/Component Symbols/TC2Lib--LTSPICE-main//sym//TCLib//OA_Ideal.asy api\debug\debug.cpp:20 TC2@DESKTOP-GV8580B
ERROR 2026-03-30 16:37:41,877 NE_RS_UNBLDRE: Unable to load application resource file /www/Assets/Component Symbols/TC2Lib--LTSPICE-main//sym//TCLib//Vcc.asy api\debug\debug.cpp:20 TC2@DESKTOP-GV8580B
ERROR 2026-03-30 16:37:41,884 NE_RS_UNBLDRE: Unable to load application resource file /www/Assets/Component Symbols/TC2Lib--LTSPICE-main//sym//TCLib//TL082.asy api\debug\debug.cpp:20 TC2@DESKTOP-GV8580B
ERROR 2026-03-30 16:37:41,895 NE_RS_UNBLDRE: Unable to load application resource file /www/Assets/Component Symbols/TC2Lib--LTSPICE-main//sym//TCLib//Vcc.asy api\debug\debug.cpp:20 TC2@DESKTOP-GV8580B
ERROR 2026-03-30 16:37:41,903 NE_RS_UNBLDRE: Unable to load application resource file /www/Assets/Component Symbols/TC2Lib--LTSPICE-main//sym//TCLib//TL082.asy api\debug\debug.cpp:20 TC2@DESKTOP-GV8580B
ERROR 2026-03-30 16:37:41,987 NE_RS_UNBLDRE: Unable to load application resource file /www/Assets/Component Symbols/TC2Lib--LTSPICE-main//sym//TCLib//Vcc.asy api\debug\debug.cpp:20 TC2@DESKTOP-GV8580B
ERROR 2026-03-30 16:37:41,990 NE_RS_UNBLDRE: Unable to load application resource file /www/Assets/Component Symbols/TC2Lib--LTSPICE-main//sym//TCLib//TL082.asy api\debug\debug.cpp:20 TC2@DESKTOP-GV8580B
ERROR 2026-03-30 16:37:42,005 NE_RS_UNBLDRE: Unable to load application resource file /www/Assets/Component Symbols/TC2Lib--LTSPICE-main//sym//TCLib//Vcc.asy api\debug\debug.cpp:20 TC2@DESKTOP-GV8580B
ERROR 2026-03-30 16:37:42,010 NE_RS_UNBLDRE: Unable to load application resource file /www/Assets/Component Symbols/TC2Lib--LTSPICE-main//sym//TCLib//TL082.asy api\debug\debug.cpp:20 TC2@DESKTOP-GV8580B
ERROR 2026-03-30 16:37:48,990 NE_RS_UNBLDRE: Unable to load application resource file /www/Assets/Skins/Default/CD4046B.svg api\debug\debug.cpp:20 TC2@DESKTOP-GV8580B
ERROR 2026-03-30 16:37:49,006 NE_RS_UNBLDRE: Unable to load application resource file /www/Assets/Skins/Default/square.svg api\debug\debug.cpp:20 TC2@DESKTOP-GV8580B
ERROR 2026-03-30 16:37:49,990 NE_RS_UNBLDRE: Unable to load application resource file /www/Assets/Skins/Default/square.svg api\debug\debug.cpp:20 TC2@DESKTOP-GV8580B
ERROR 2026-03-30 16:37:57,905 NE_RS_UNBLDRE: Unable to load application resource file /www/Assets/Skins/Default/Borrar.svg api\debug\debug.cpp:20 TC2@DESKTOP-GV8580B
ERROR 2026-03-30 16:37:57,923 NE_RS_UNBLDRE: Unable to load application resource file /www/Assets/Component Symbols/TCLib//Borrar.asy api\debug\debug.cpp:20 TC2@DESKTOP-GV8580B
ERROR 2026-03-30 16:37:59,441 NE_RS_UNBLDRE: Unable to load application resource file /www/Assets/Skins/Default/VCO.svg api\debug\debug.cpp:20 TC2@DESKTOP-GV8580B
ERROR 2026-03-30 16:37:59,456 NE_RS_UNBLDRE: Unable to load application resource file /www/Assets/Skins/Default/xor.svg api\debug\debug.cpp:20 TC2@DESKTOP-GV8580B
ERROR 2026-03-30 16:37:59,460 NE_RS_UNBLDRE: Unable to load application resource file /www/Assets/Skins/Default/square.svg api\debug\debug.cpp:20 TC2@DESKTOP-GV8580B
ERROR 2026-03-30 16:37:59,486 NE_RS_UNBLDRE: Unable to load application resource file /www/Assets/Component Symbols/Digital//xor.asy api\debug\debug.cpp:20 TC2@DESKTOP-GV8580B
ERROR 2026-03-30 16:37:59,490 NE_RS_UNBLDRE: Unable to load application resource file /www/Assets/Component Symbols/TC2Lib--LTSPICE-main//sym//TCLib//square.asy api\debug\debug.cpp:20 TC2@DESKTOP-GV8580B
ERROR 2026-03-30 16:37:59,546 NE_RS_UNBLDRE: Unable to load application resource file /www/Assets/Skins/Default/VCO.svg api\debug\debug.cpp:20 TC2@DESKTOP-GV8580B
ERROR 2026-03-30 16:37:59,556 NE_RS_UNBLDRE: Unable to load application resource file /www/Assets/Skins/Default/xor.svg api\debug\debug.cpp:20 TC2@DESKTOP-GV8580B
ERROR 2026-03-30 16:37:59,560 NE_RS_UNBLDRE: Unable to load application resource file /www/Assets/Skins/Default/square.svg api\debug\debug.cpp:20 TC2@DESKTOP-GV8580B
ERROR 2026-03-30 16:37:59,598 NE_RS_UNBLDRE: Unable to load application resource file /www/Assets/Component Symbols/Digital//xor.asy api\debug\debug.cpp:20 TC2@DESKTOP-GV8580B
ERROR 2026-03-30 16:37:59,603 NE_RS_UNBLDRE: Unable to load application resource file /www/Assets/Component Symbols/TC2Lib--LTSPICE-main//sym//TCLib//square.asy api\debug\debug.cpp:20 TC2@DESKTOP-GV8580B
ERROR 2026-03-30 16:38:04,996 NE_RS_UNBLDRE: Unable to load application resource file /www/Assets/Skins/Default/CD4046B.svg api\debug\debug.cpp:20 TC2@DESKTOP-GV8580B
